<?xml version="1.0" encoding="UTF-8"?>
<!-- Generated by org.testng.reporters.JUnitReportReporter -->
<testsuite hostname="Duke" failures="0" tests="1" name="com.testng.selenium.v1.RegisterUserTest" time="0.952" errors="0" timestamp="2023-04-01T16:54:39 MDT" skipped="0">
  <testcase classname="com.testng.selenium.v1.RegisterUserTest" name="firstTest" time="0.952"/>
  <system-out/>
</testsuite> <!-- com.testng.selenium.v1.RegisterUserTest -->
